client_multiply	30	2	3.2415252
client_multiply	30	3	1.8483629
client_multiply	30	4	2.3212059
client_multiply	60	2	10.3023808
client_multiply	60	3	8.3855911
client_multiply	60	4	7.9694398
client_multiply	90	2	28.9252442
client_multiply	90	3	24.506847
client_multiply	90	4	20.9577019
client_multiply	120	2	66.0505412
client_multiply	120	3	54.5800697
client_multiply	120	4	51.1268738
client_multiply	150	2	131.5625211
client_multiply	150	3	100.7880819
client_multiply	150	4	95.6903992
client_multiply	180	2	223.1099732
client_multiply	180	3	172.0445047
client_multiply	180	4	163.3923729
client_multiply	210	2	349.702792
client_multiply	210	3	270.9786356
client_multiply	210	4	252.8165873
client_multiply	240	2	514.8916127
client_multiply	240	3	400.5022472
client_multiply	240	4	383.6908798
client_multiply	270	2	728.4143393
client_multiply	270	3	569.3671934
client_multiply	270	4	545.1873353
client_multiply	300	2	995.0692326
client_multiply	300	3	828.2816941
client_multiply	300	4	1210.2348311
client_multiply	330	2	2439.4245782
client_multiply	330	3	1749.0909547
client_multiply	330	4	949.7986134
client_multiply	360	2	1727.4116168
client_multiply	360	3	1567.4380032
client_multiply	360	4	1287.3008338
server_multiply	30	2	2.3224349
server_multiply	30	3	2.1197229
server_multiply	30	4	1.6877759
server_multiply	60	2	11.4492797
server_multiply	60	3	10.0114317
server_multiply	60	4	8.2843118
server_multiply	90	2	30.3497229
server_multiply	90	3	21.7520537
server_multiply	90	4	21.3398259
server_multiply	120	2	66.8741639
server_multiply	120	3	60.5602699
server_multiply	120	4	59.4618547
server_multiply	150	2	124.9981294
server_multiply	150	3	101.31191
server_multiply	150	4	92.4940537
server_multiply	180	2	219.7664872
server_multiply	180	3	198.7002576
server_multiply	180	4	149.1748853
server_multiply	210	2	375.2305732
server_multiply	210	3	456.0078528
server_multiply	210	4	398.6858846
server_multiply	240	2	921.1838989
server_multiply	240	3	708.5639174
server_multiply	240	4	588.7414648
server_multiply	270	2	990.7014447
server_multiply	270	3	544.348713
server_multiply	270	4	505.1205826
server_multiply	300	2	972.0671171
server_multiply	300	3	777.5876287
server_multiply	300	4	716.2489753
server_multiply	330	2	1851.1062142
server_multiply	330	3	1809.4952159
server_multiply	330	4	1156.5565716
server_multiply	360	2	1663.9249551
server_multiply	360	3	1271.4303628
server_multiply	360	4	1880.6349852
