17:39:02.521 [main] INFO  exercise2 - [SIZE: 100][SINGLE DURATION: 160][THREADS: 2][EXECUTOR DURATION: 106][EXECUTOR EFFICIENCY: 1.509433962264151]
17:39:02.597 [main] INFO  exercise2 - [SIZE: 100][SINGLE DURATION: 160][THREADS: 3][EXECUTOR DURATION: 73][EXECUTOR EFFICIENCY: 2.191780821917808]
17:39:02.645 [main] INFO  exercise2 - [SIZE: 100][SINGLE DURATION: 160][THREADS: 4][EXECUTOR DURATION: 48][EXECUTOR EFFICIENCY: 3.3333333333333335]
17:39:03.381 [main] INFO  exercise2 - [SIZE: 200][SINGLE DURATION: 449][THREADS: 2][EXECUTOR DURATION: 279][EXECUTOR EFFICIENCY: 1.6093189964157706]
17:39:03.656 [main] INFO  exercise2 - [SIZE: 200][SINGLE DURATION: 449][THREADS: 3][EXECUTOR DURATION: 274][EXECUTOR EFFICIENCY: 1.6386861313868613]
17:39:03.936 [main] INFO  exercise2 - [SIZE: 200][SINGLE DURATION: 449][THREADS: 4][EXECUTOR DURATION: 280][EXECUTOR EFFICIENCY: 1.6035714285714286]
17:39:06.167 [main] INFO  exercise2 - [SIZE: 300][SINGLE DURATION: 1293][THREADS: 2][EXECUTOR DURATION: 932][EXECUTOR EFFICIENCY: 1.3873390557939915]
17:39:07.096 [main] INFO  exercise2 - [SIZE: 300][SINGLE DURATION: 1293][THREADS: 3][EXECUTOR DURATION: 929][EXECUTOR EFFICIENCY: 1.3918191603875134]
17:39:08.058 [main] INFO  exercise2 - [SIZE: 300][SINGLE DURATION: 1293][THREADS: 4][EXECUTOR DURATION: 962][EXECUTOR EFFICIENCY: 1.344074844074844]
17:39:13.359 [main] INFO  exercise2 - [SIZE: 400][SINGLE DURATION: 3050][THREADS: 2][EXECUTOR DURATION: 2240][EXECUTOR EFFICIENCY: 1.3616071428571428]
17:39:15.543 [main] INFO  exercise2 - [SIZE: 400][SINGLE DURATION: 3050][THREADS: 3][EXECUTOR DURATION: 2184][EXECUTOR EFFICIENCY: 1.3965201465201464]
17:39:17.773 [main] INFO  exercise2 - [SIZE: 400][SINGLE DURATION: 3050][THREADS: 4][EXECUTOR DURATION: 2229][EXECUTOR EFFICIENCY: 1.3683266038582325]
17:52:51.873 [main] INFO  exercise2 - [SIZE: 100][SINGLE DURATION: 162][THREADS: 2][EXECUTOR DURATION: 106][EXECUTOR EFFICIENCY: 1.528301886792453]
17:52:51.922 [main] INFO  exercise2 - [SIZE: 100][SINGLE DURATION: 162][THREADS: 3][EXECUTOR DURATION: 47][EXECUTOR EFFICIENCY: 3.4468085106382977]
17:52:51.985 [main] INFO  exercise2 - [SIZE: 100][SINGLE DURATION: 162][THREADS: 4][EXECUTOR DURATION: 63][EXECUTOR EFFICIENCY: 2.5714285714285716]
17:52:52.718 [main] INFO  exercise2 - [SIZE: 200][SINGLE DURATION: 447][THREADS: 2][EXECUTOR DURATION: 278][EXECUTOR EFFICIENCY: 1.6079136690647482]
17:52:52.997 [main] INFO  exercise2 - [SIZE: 200][SINGLE DURATION: 447][THREADS: 3][EXECUTOR DURATION: 278][EXECUTOR EFFICIENCY: 1.6079136690647482]
17:52:53.279 [main] INFO  exercise2 - [SIZE: 200][SINGLE DURATION: 447][THREADS: 4][EXECUTOR DURATION: 282][EXECUTOR EFFICIENCY: 1.5851063829787233]
17:52:55.480 [main] INFO  exercise2 - [SIZE: 300][SINGLE DURATION: 1277][THREADS: 2][EXECUTOR DURATION: 918][EXECUTOR EFFICIENCY: 1.3910675381263617]
17:52:56.393 [main] INFO  exercise2 - [SIZE: 300][SINGLE DURATION: 1277][THREADS: 3][EXECUTOR DURATION: 913][EXECUTOR EFFICIENCY: 1.3986856516977]
17:52:57.317 [main] INFO  exercise2 - [SIZE: 300][SINGLE DURATION: 1277][THREADS: 4][EXECUTOR DURATION: 923][EXECUTOR EFFICIENCY: 1.3835319609967498]
17:53:02.544 [main] INFO  exercise2 - [SIZE: 400][SINGLE DURATION: 3035][THREADS: 2][EXECUTOR DURATION: 2186][EXECUTOR EFFICIENCY: 1.388380603842635]
17:53:04.716 [main] INFO  exercise2 - [SIZE: 400][SINGLE DURATION: 3035][THREADS: 3][EXECUTOR DURATION: 2171][EXECUTOR EFFICIENCY: 1.397973284200829]
17:53:06.900 [main] INFO  exercise2 - [SIZE: 400][SINGLE DURATION: 3035][THREADS: 4][EXECUTOR DURATION: 2182][EXECUTOR EFFICIENCY: 1.3909257561869843]
17:59:09.237 [main] INFO  exercise2 - [SIZE: 100][SINGLE DURATION: 127][THREADS: 2][EXECUTOR DURATION: 95][EXECUTOR EFFICIENCY: 1.3368421052631578]
17:59:09.288 [main] INFO  exercise2 - [SIZE: 100][SINGLE DURATION: 127][THREADS: 3][EXECUTOR DURATION: 49][EXECUTOR EFFICIENCY: 2.5918367346938775]
17:59:09.330 [main] INFO  exercise2 - [SIZE: 100][SINGLE DURATION: 127][THREADS: 4][EXECUTOR DURATION: 42][EXECUTOR EFFICIENCY: 3.0238095238095237]
17:59:10.165 [main] INFO  exercise2 - [SIZE: 200][SINGLE DURATION: 540][THREADS: 2][EXECUTOR DURATION: 289][EXECUTOR EFFICIENCY: 1.8685121107266436]
17:59:10.446 [main] INFO  exercise2 - [SIZE: 200][SINGLE DURATION: 540][THREADS: 3][EXECUTOR DURATION: 281][EXECUTOR EFFICIENCY: 1.9217081850533808]
17:59:10.715 [main] INFO  exercise2 - [SIZE: 200][SINGLE DURATION: 540][THREADS: 4][EXECUTOR DURATION: 268][EXECUTOR EFFICIENCY: 2.014925373134328]
18:03:46.405 [main] INFO  exercise2 - [SIZE: 100]
18:03:46.409 [main] INFO  exercise2 - [SINGLE DURATION: 174]
18:03:46.410 [main] INFO  exercise2 - [FORK JOIN DURATION: 140]
18:03:46.411 [main] INFO  exercise2 - [FORK JOIN EFFICIENCY: 1.2428571428571429]
18:03:47.372 [main] INFO  exercise2 - [SIZE: 200]
18:03:47.372 [main] INFO  exercise2 - [SINGLE DURATION: 483]
18:03:47.372 [main] INFO  exercise2 - [FORK JOIN DURATION: 469]
18:03:47.372 [main] INFO  exercise2 - [FORK JOIN EFFICIENCY: 1.0298507462686568]
18:03:51.213 [main] INFO  exercise2 - [SIZE: 300]
18:03:51.213 [main] INFO  exercise2 - [SINGLE DURATION: 2124]
18:03:51.213 [main] INFO  exercise2 - [FORK JOIN DURATION: 1711]
18:03:51.213 [main] INFO  exercise2 - [FORK JOIN EFFICIENCY: 1.2413793103448276]
18:05:17.118 [main] INFO  exercise2 - [SIZE: 100][SINGLE DURATION: 169][FORK JOIN DURATION: 153][FORK JOIN EFFICIENCY: 1.1045751633986929]
18:05:18.184 [main] INFO  exercise2 - [SIZE: 200][SINGLE DURATION: 590][FORK JOIN DURATION: 463][FORK JOIN EFFICIENCY: 1.2742980561555075]
18:05:21.866 [main] INFO  exercise2 - [SIZE: 300][SINGLE DURATION: 2156][FORK JOIN DURATION: 1520][FORK JOIN EFFICIENCY: 1.418421052631579]
18:05:28.570 [main] INFO  exercise2 - [SIZE: 400][SINGLE DURATION: 3084][FORK JOIN DURATION: 3612][FORK JOIN EFFICIENCY: 0.8538205980066446]
18:06:36.920 [main] INFO  exercise2 - [SIZE: 100][SINGLE DURATION: 159][THREADS: 2][EXECUTOR DURATION: 131][EXECUTOR EFFICIENCY: 1.213740458015267]
18:06:36.967 [main] INFO  exercise2 - [SIZE: 100][SINGLE DURATION: 159][THREADS: 3][EXECUTOR DURATION: 46][EXECUTOR EFFICIENCY: 3.4565217391304346]
18:06:37.025 [main] INFO  exercise2 - [SIZE: 100][SINGLE DURATION: 159][THREADS: 4][EXECUTOR DURATION: 58][EXECUTOR EFFICIENCY: 2.7413793103448274]
18:06:37.745 [main] INFO  exercise2 - [SIZE: 200][SINGLE DURATION: 435][THREADS: 2][EXECUTOR DURATION: 278][EXECUTOR EFFICIENCY: 1.564748201438849]
18:06:38.017 [main] INFO  exercise2 - [SIZE: 200][SINGLE DURATION: 435][THREADS: 3][EXECUTOR DURATION: 272][EXECUTOR EFFICIENCY: 1.599264705882353]
18:06:38.292 [main] INFO  exercise2 - [SIZE: 200][SINGLE DURATION: 435][THREADS: 4][EXECUTOR DURATION: 275][EXECUTOR EFFICIENCY: 1.5818181818181818]
18:06:40.530 [main] INFO  exercise2 - [SIZE: 300][SINGLE DURATION: 1293][THREADS: 2][EXECUTOR DURATION: 930][EXECUTOR EFFICIENCY: 1.3903225806451613]
18:06:41.460 [main] INFO  exercise2 - [SIZE: 300][SINGLE DURATION: 1293][THREADS: 3][EXECUTOR DURATION: 930][EXECUTOR EFFICIENCY: 1.3903225806451613]
18:06:42.394 [main] INFO  exercise2 - [SIZE: 300][SINGLE DURATION: 1293][THREADS: 4][EXECUTOR DURATION: 934][EXECUTOR EFFICIENCY: 1.3843683083511777]
18:06:47.767 [main] INFO  exercise2 - [SIZE: 400][SINGLE DURATION: 3182][THREADS: 2][EXECUTOR DURATION: 2186][EXECUTOR EFFICIENCY: 1.455626715462031]
18:06:49.953 [main] INFO  exercise2 - [SIZE: 400][SINGLE DURATION: 3182][THREADS: 3][EXECUTOR DURATION: 2186][EXECUTOR EFFICIENCY: 1.455626715462031]
18:06:52.148 [main] INFO  exercise2 - [SIZE: 400][SINGLE DURATION: 3182][THREADS: 4][EXECUTOR DURATION: 2194][EXECUTOR EFFICIENCY: 1.4503190519598905]
18:06:52.336 [main] INFO  exercise2 - [SIZE: 100][SINGLE DURATION: 52][FORK JOIN DURATION: 135][FORK JOIN EFFICIENCY: 0.3851851851851852]
18:06:53.171 [main] INFO  exercise2 - [SIZE: 200][SINGLE DURATION: 384][FORK JOIN DURATION: 449][FORK JOIN EFFICIENCY: 0.8552338530066815]
18:06:55.961 [main] INFO  exercise2 - [SIZE: 300][SINGLE DURATION: 1287][FORK JOIN DURATION: 1499][FORK JOIN EFFICIENCY: 0.8585723815877252]
18:07:02.704 [main] INFO  exercise2 - [SIZE: 400][SINGLE DURATION: 3069][FORK JOIN DURATION: 3666][FORK JOIN EFFICIENCY: 0.837152209492635]
18:14:08.655 [main] INFO  exercise2 - [SIZE: 100][SINGLE DURATION: 168][FORK JOIN DURATION: 182][FORK JOIN EFFICIENCY: 0.9230769230769231]
18:14:09.428 [main] INFO  exercise2 - [SIZE: 200][SINGLE DURATION: 470][FORK JOIN DURATION: 293][FORK JOIN EFFICIENCY: 1.6040955631399318]
18:14:11.652 [main] INFO  exercise2 - [SIZE: 300][SINGLE DURATION: 1274][FORK JOIN DURATION: 941][FORK JOIN EFFICIENCY: 1.3538788522848033]
18:14:17.503 [main] INFO  exercise2 - [SIZE: 400][SINGLE DURATION: 3018][FORK JOIN DURATION: 2825][FORK JOIN EFFICIENCY: 1.0683185840707965]
18:14:46.116 [main] INFO  exercise2 - [SIZE: 100][SINGLE DURATION: 170][FORK JOIN DURATION: 126][FORK JOIN EFFICIENCY: 1.3492063492063493]
18:14:47.100 [main] INFO  exercise2 - [SIZE: 200][SINGLE DURATION: 503][FORK JOIN DURATION: 471][FORK JOIN EFFICIENCY: 1.0679405520169851]
18:14:50.913 [main] INFO  exercise2 - [SIZE: 300][SINGLE DURATION: 2184][FORK JOIN DURATION: 1623][FORK JOIN EFFICIENCY: 1.3456561922365988]
18:14:59.580 [main] INFO  exercise2 - [SIZE: 400][SINGLE DURATION: 3099][FORK JOIN DURATION: 5559][FORK JOIN EFFICIENCY: 0.5574743658931463]
18:15:16.372 [main] INFO  exercise2 - [SIZE: 100][SINGLE DURATION: 159][FORK JOIN DURATION: 136][FORK JOIN EFFICIENCY: 1.1691176470588236]
18:15:17.179 [main] INFO  exercise2 - [SIZE: 200][SINGLE DURATION: 510][FORK JOIN DURATION: 286][FORK JOIN EFFICIENCY: 1.7832167832167831]
18:15:19.411 [main] INFO  exercise2 - [SIZE: 300][SINGLE DURATION: 1279][FORK JOIN DURATION: 948][FORK JOIN EFFICIENCY: 1.34915611814346]
18:15:24.672 [main] INFO  exercise2 - [SIZE: 400][SINGLE DURATION: 3038][FORK JOIN DURATION: 2218][FORK JOIN EFFICIENCY: 1.369702434625789]
18:15:38.817 [main] INFO  exercise2 - [SIZE: 100][SINGLE DURATION: 162][FORK JOIN DURATION: 156][FORK JOIN EFFICIENCY: 1.0384615384615385]
18:15:40.011 [main] INFO  exercise2 - [SIZE: 200][SINGLE DURATION: 518][FORK JOIN DURATION: 668][FORK JOIN EFFICIENCY: 0.7754491017964071]
18:15:43.640 [main] INFO  exercise2 - [SIZE: 300][SINGLE DURATION: 2118][FORK JOIN DURATION: 1504][FORK JOIN EFFICIENCY: 1.4082446808510638]
18:15:50.291 [main] INFO  exercise2 - [SIZE: 400][SINGLE DURATION: 3032][FORK JOIN DURATION: 3610][FORK JOIN EFFICIENCY: 0.8398891966759002]
18:16:03.505 [main] INFO  exercise2 - [SIZE: 100][SINGLE DURATION: 176][FORK JOIN DURATION: 157][FORK JOIN EFFICIENCY: 1.1210191082802548]
18:16:04.493 [main] INFO  exercise2 - [SIZE: 200][SINGLE DURATION: 510][FORK JOIN DURATION: 469][FORK JOIN EFFICIENCY: 1.0874200426439233]
18:16:08.236 [main] INFO  exercise2 - [SIZE: 300][SINGLE DURATION: 2098][FORK JOIN DURATION: 1639][FORK JOIN EFFICIENCY: 1.2800488102501526]
18:16:14.935 [main] INFO  exercise2 - [SIZE: 400][SINGLE DURATION: 3047][FORK JOIN DURATION: 3644][FORK JOIN EFFICIENCY: 0.8361690450054885]
18:16:18.724 [main] INFO  exercise2 - [SIZE: 100][SINGLE DURATION: 127][FORK JOIN DURATION: 166][FORK JOIN EFFICIENCY: 0.7650602409638554]
18:16:19.836 [main] INFO  exercise2 - [SIZE: 200][SINGLE DURATION: 507][FORK JOIN DURATION: 596][FORK JOIN EFFICIENCY: 0.8506711409395973]
18:16:23.489 [main] INFO  exercise2 - [SIZE: 300][SINGLE DURATION: 2127][FORK JOIN DURATION: 1519][FORK JOIN EFFICIENCY: 1.4002633311389072]
18:16:30.143 [main] INFO  exercise2 - [SIZE: 400][SINGLE DURATION: 3035][FORK JOIN DURATION: 3610][FORK JOIN EFFICIENCY: 0.8407202216066482]
18:16:33.809 [main] INFO  exercise2 - [SIZE: 100][SINGLE DURATION: 165][FORK JOIN DURATION: 133][FORK JOIN EFFICIENCY: 1.2406015037593985]
18:16:34.781 [main] INFO  exercise2 - [SIZE: 200][SINGLE DURATION: 504][FORK JOIN DURATION: 460][FORK JOIN EFFICIENCY: 1.0956521739130434]
18:16:38.472 [main] INFO  exercise2 - [SIZE: 300][SINGLE DURATION: 2127][FORK JOIN DURATION: 1558][FORK JOIN EFFICIENCY: 1.365211810012837]
18:16:45.229 [main] INFO  exercise2 - [SIZE: 400][SINGLE DURATION: 3049][FORK JOIN DURATION: 3700][FORK JOIN EFFICIENCY: 0.8240540540540541]
18:16:52.370 [main] INFO  exercise2 - [SIZE: 100][SINGLE DURATION: 175][FORK JOIN DURATION: 143][FORK JOIN EFFICIENCY: 1.2237762237762237]
18:16:53.329 [main] INFO  exercise2 - [SIZE: 200][SINGLE DURATION: 492][FORK JOIN DURATION: 459][FORK JOIN EFFICIENCY: 1.0718954248366013]
18:16:57.687 [main] INFO  exercise2 - [SIZE: 300][SINGLE DURATION: 2208][FORK JOIN DURATION: 2143][FORK JOIN EFFICIENCY: 1.030331311245917]
18:17:05.740 [main] INFO  exercise2 - [SIZE: 400][SINGLE DURATION: 3269][FORK JOIN DURATION: 4775][FORK JOIN EFFICIENCY: 0.6846073298429319]
18:18:05.157 [main] INFO  exercise2 - [SIZE: 100][SINGLE DURATION: 160][FORK JOIN DURATION: 139][FORK JOIN EFFICIENCY: 1.1510791366906474]
18:18:06.089 [main] INFO  exercise2 - [SIZE: 200][SINGLE DURATION: 474][FORK JOIN DURATION: 449][FORK JOIN EFFICIENCY: 1.0556792873051224]
18:18:09.666 [main] INFO  exercise2 - [SIZE: 300][SINGLE DURATION: 2110][FORK JOIN DURATION: 1461][FORK JOIN EFFICIENCY: 1.4442162902121833]
18:18:16.211 [main] INFO  exercise2 - [SIZE: 400][SINGLE DURATION: 3022][FORK JOIN DURATION: 3516][FORK JOIN EFFICIENCY: 0.8594994311717861]
18:18:25.108 [main] INFO  exercise2 - [SIZE: 100][SINGLE DURATION: 155][FORK JOIN DURATION: 139][FORK JOIN EFFICIENCY: 1.1151079136690647]
18:18:25.916 [main] INFO  exercise2 - [SIZE: 200][SINGLE DURATION: 516][FORK JOIN DURATION: 284][FORK JOIN EFFICIENCY: 1.8169014084507042]
18:18:28.340 [main] INFO  exercise2 - [SIZE: 300][SINGLE DURATION: 1282][FORK JOIN DURATION: 1137][FORK JOIN EFFICIENCY: 1.1275285839929639]
18:18:33.560 [main] INFO  exercise2 - [SIZE: 400][SINGLE DURATION: 3056][FORK JOIN DURATION: 2158][FORK JOIN EFFICIENCY: 1.4161260426320668]
18:18:36.551 [main] INFO  exercise2 - [SIZE: 100][SINGLE DURATION: 169][FORK JOIN DURATION: 106][FORK JOIN EFFICIENCY: 1.5943396226415094]
18:18:37.336 [main] INFO  exercise2 - [SIZE: 200][SINGLE DURATION: 492][FORK JOIN DURATION: 283][FORK JOIN EFFICIENCY: 1.7385159010600706]
18:18:39.546 [main] INFO  exercise2 - [SIZE: 300][SINGLE DURATION: 1274][FORK JOIN DURATION: 930][FORK JOIN EFFICIENCY: 1.3698924731182796]
18:18:44.799 [main] INFO  exercise2 - [SIZE: 400][SINGLE DURATION: 3030][FORK JOIN DURATION: 2217][FORK JOIN EFFICIENCY: 1.3667117726657645]
18:18:52.125 [main] INFO  exercise2 - [SIZE: 100][SINGLE DURATION: 181][FORK JOIN DURATION: 174][FORK JOIN EFFICIENCY: 1.0402298850574712]
18:18:52.991 [main] INFO  exercise2 - [SIZE: 200][SINGLE DURATION: 497][FORK JOIN DURATION: 359][FORK JOIN EFFICIENCY: 1.384401114206128]
18:18:55.195 [main] INFO  exercise2 - [SIZE: 300][SINGLE DURATION: 1281][FORK JOIN DURATION: 917][FORK JOIN EFFICIENCY: 1.3969465648854962]
18:19:00.503 [main] INFO  exercise2 - [SIZE: 400][SINGLE DURATION: 3020][FORK JOIN DURATION: 2283][FORK JOIN EFFICIENCY: 1.322820849759089]
18:23:48.216 [main] INFO  exercise2 - [SIZE: 100][SINGLE DURATION: 163][FORK JOIN DURATION: 167][FORK JOIN EFFICIENCY: 0.9760479041916168]
18:23:49.066 [main] INFO  exercise2 - [SIZE: 200][SINGLE DURATION: 521][FORK JOIN DURATION: 320][FORK JOIN EFFICIENCY: 1.628125]
18:23:51.309 [main] INFO  exercise2 - [SIZE: 300][SINGLE DURATION: 1306][FORK JOIN DURATION: 927][FORK JOIN EFFICIENCY: 1.4088457389428264]
18:23:56.697 [main] INFO  exercise2 - [SIZE: 400][SINGLE DURATION: 3069][FORK JOIN DURATION: 2314][FORK JOIN EFFICIENCY: 1.3262748487467588]
18:24:07.440 [main] INFO  exercise2 - [SIZE: 100][SINGLE DURATION: 157][FORK JOIN DURATION: 130][FORK JOIN EFFICIENCY: 1.2076923076923076]
18:24:08.476 [main] INFO  exercise2 - [SIZE: 200][SINGLE DURATION: 494][FORK JOIN DURATION: 532][FORK JOIN EFFICIENCY: 0.9285714285714286]
18:24:12.108 [main] INFO  exercise2 - [SIZE: 300][SINGLE DURATION: 2132][FORK JOIN DURATION: 1493][FORK JOIN EFFICIENCY: 1.4279973208305425]
18:24:18.684 [main] INFO  exercise2 - [SIZE: 400][SINGLE DURATION: 3015][FORK JOIN DURATION: 3554][FORK JOIN EFFICIENCY: 0.8483398987056837]
18:24:30.991 [main] INFO  exercise2 - [SIZE: 100][SINGLE DURATION: 158][THREADS: 2][EXECUTOR DURATION: 144][EXECUTOR EFFICIENCY: 1.0972222222222223]
18:24:31.042 [main] INFO  exercise2 - [SIZE: 100][SINGLE DURATION: 158][THREADS: 3][EXECUTOR DURATION: 50][EXECUTOR EFFICIENCY: 3.16]
18:24:31.093 [main] INFO  exercise2 - [SIZE: 100][SINGLE DURATION: 158][THREADS: 4][EXECUTOR DURATION: 50][EXECUTOR EFFICIENCY: 3.16]
18:24:31.825 [main] INFO  exercise2 - [SIZE: 200][SINGLE DURATION: 451][THREADS: 2][EXECUTOR DURATION: 274][EXECUTOR EFFICIENCY: 1.645985401459854]
18:24:32.115 [main] INFO  exercise2 - [SIZE: 200][SINGLE DURATION: 451][THREADS: 3][EXECUTOR DURATION: 290][EXECUTOR EFFICIENCY: 1.5551724137931036]
18:24:32.417 [main] INFO  exercise2 - [SIZE: 200][SINGLE DURATION: 451][THREADS: 4][EXECUTOR DURATION: 302][EXECUTOR EFFICIENCY: 1.4933774834437086]
18:24:34.805 [main] INFO  exercise2 - [SIZE: 300][SINGLE DURATION: 1337][THREADS: 2][EXECUTOR DURATION: 1044][EXECUTOR EFFICIENCY: 1.2806513409961686]
18:24:35.794 [main] INFO  exercise2 - [SIZE: 300][SINGLE DURATION: 1337][THREADS: 3][EXECUTOR DURATION: 989][EXECUTOR EFFICIENCY: 1.3518705763397372]
18:24:36.816 [main] INFO  exercise2 - [SIZE: 300][SINGLE DURATION: 1337][THREADS: 4][EXECUTOR DURATION: 1022][EXECUTOR EFFICIENCY: 1.3082191780821917]
18:24:42.057 [main] INFO  exercise2 - [SIZE: 400][SINGLE DURATION: 3063][THREADS: 2][EXECUTOR DURATION: 2172][EXECUTOR EFFICIENCY: 1.410220994475138]
18:24:44.227 [main] INFO  exercise2 - [SIZE: 400][SINGLE DURATION: 3063][THREADS: 3][EXECUTOR DURATION: 2169][EXECUTOR EFFICIENCY: 1.4121715076071923]
18:24:46.410 [main] INFO  exercise2 - [SIZE: 400][SINGLE DURATION: 3063][THREADS: 4][EXECUTOR DURATION: 2183][EXECUTOR EFFICIENCY: 1.403114979386166]
18:24:46.621 [main] INFO  exercise2 - [SIZE: 100][SINGLE DURATION: 62][FORK JOIN DURATION: 147][FORK JOIN EFFICIENCY: 0.4217687074829932]
18:24:47.307 [main] INFO  exercise2 - [SIZE: 200][SINGLE DURATION: 380][FORK JOIN DURATION: 302][FORK JOIN EFFICIENCY: 1.2582781456953642]
18:24:49.627 [main] INFO  exercise2 - [SIZE: 300][SINGLE DURATION: 1273][FORK JOIN DURATION: 1040][FORK JOIN EFFICIENCY: 1.2240384615384616]
18:24:54.844 [main] INFO  exercise2 - [SIZE: 400][SINGLE DURATION: 3021][FORK JOIN DURATION: 2191][FORK JOIN EFFICIENCY: 1.378822455499772]
18:25:20.906 [main] INFO  exercise2 - [SIZE: 100][SINGLE DURATION: 164][FORK JOIN DURATION: 154][FORK JOIN EFFICIENCY: 1.0649350649350648]
18:25:21.689 [main] INFO  exercise2 - [SIZE: 200][SINGLE DURATION: 491][FORK JOIN DURATION: 282][FORK JOIN EFFICIENCY: 1.7411347517730495]
18:25:23.904 [main] INFO  exercise2 - [SIZE: 300][SINGLE DURATION: 1274][FORK JOIN DURATION: 935][FORK JOIN EFFICIENCY: 1.362566844919786]
18:25:29.117 [main] INFO  exercise2 - [SIZE: 400][SINGLE DURATION: 3024][FORK JOIN DURATION: 2184][FORK JOIN EFFICIENCY: 1.3846153846153846]
18:25:51.885 [main] INFO  exercise2 - [SIZE: 100][SINGLE DURATION: 179][THREADS: 2][EXECUTOR DURATION: 123][EXECUTOR EFFICIENCY: 1.4552845528455285]
18:25:51.945 [main] INFO  exercise2 - [SIZE: 100][SINGLE DURATION: 179][THREADS: 3][EXECUTOR DURATION: 57][EXECUTOR EFFICIENCY: 3.1403508771929824]
18:25:51.994 [main] INFO  exercise2 - [SIZE: 100][SINGLE DURATION: 179][THREADS: 4][EXECUTOR DURATION: 48][EXECUTOR EFFICIENCY: 3.7291666666666665]
18:25:52.705 [main] INFO  exercise2 - [SIZE: 200][SINGLE DURATION: 429][THREADS: 2][EXECUTOR DURATION: 275][EXECUTOR EFFICIENCY: 1.56]
18:25:52.978 [main] INFO  exercise2 - [SIZE: 200][SINGLE DURATION: 429][THREADS: 3][EXECUTOR DURATION: 273][EXECUTOR EFFICIENCY: 1.5714285714285714]
18:25:53.256 [main] INFO  exercise2 - [SIZE: 200][SINGLE DURATION: 429][THREADS: 4][EXECUTOR DURATION: 277][EXECUTOR EFFICIENCY: 1.5487364620938628]
18:25:55.464 [main] INFO  exercise2 - [SIZE: 300][SINGLE DURATION: 1278][THREADS: 2][EXECUTOR DURATION: 924][EXECUTOR EFFICIENCY: 1.3831168831168832]
18:25:56.380 [main] INFO  exercise2 - [SIZE: 300][SINGLE DURATION: 1278][THREADS: 3][EXECUTOR DURATION: 915][EXECUTOR EFFICIENCY: 1.3967213114754098]
18:25:57.300 [main] INFO  exercise2 - [SIZE: 300][SINGLE DURATION: 1278][THREADS: 4][EXECUTOR DURATION: 920][EXECUTOR EFFICIENCY: 1.3891304347826088]
18:26:02.501 [main] INFO  exercise2 - [SIZE: 400][SINGLE DURATION: 3028][THREADS: 2][EXECUTOR DURATION: 2168][EXECUTOR EFFICIENCY: 1.396678966789668]
18:26:04.663 [main] INFO  exercise2 - [SIZE: 400][SINGLE DURATION: 3028][THREADS: 3][EXECUTOR DURATION: 2161][EXECUTOR EFFICIENCY: 1.4012031466913466]
18:26:06.845 [main] INFO  exercise2 - [SIZE: 400][SINGLE DURATION: 3028][THREADS: 4][EXECUTOR DURATION: 2181][EXECUTOR EFFICIENCY: 1.38835396607061]
18:32:57.213 [main] INFO  exercise2 - [SIZE: 100][SINGLE DURATION: 162][THREADS: 2][EXECUTOR DURATION: 128][EXECUTOR EFFICIENCY: 1.265625]
18:32:57.254 [main] INFO  exercise2 - [SIZE: 100][SINGLE DURATION: 162][THREADS: 3][EXECUTOR DURATION: 39][EXECUTOR EFFICIENCY: 4.153846153846154]
18:32:57.316 [main] INFO  exercise2 - [SIZE: 100][SINGLE DURATION: 162][THREADS: 4][EXECUTOR DURATION: 61][EXECUTOR EFFICIENCY: 2.6557377049180326]
18:32:58.055 [main] INFO  exercise2 - [SIZE: 200][SINGLE DURATION: 453][THREADS: 2][EXECUTOR DURATION: 273][EXECUTOR EFFICIENCY: 1.6593406593406594]
18:32:58.328 [main] INFO  exercise2 - [SIZE: 200][SINGLE DURATION: 453][THREADS: 3][EXECUTOR DURATION: 271][EXECUTOR EFFICIENCY: 1.6715867158671587]
18:32:58.606 [main] INFO  exercise2 - [SIZE: 200][SINGLE DURATION: 453][THREADS: 4][EXECUTOR DURATION: 278][EXECUTOR EFFICIENCY: 1.629496402877698]
18:33:00.818 [main] INFO  exercise2 - [SIZE: 300][SINGLE DURATION: 1285][THREADS: 2][EXECUTOR DURATION: 914][EXECUTOR EFFICIENCY: 1.4059080962800876]
18:33:01.729 [main] INFO  exercise2 - [SIZE: 300][SINGLE DURATION: 1285][THREADS: 3][EXECUTOR DURATION: 911][EXECUTOR EFFICIENCY: 1.4105378704720088]
18:33:02.645 [main] INFO  exercise2 - [SIZE: 300][SINGLE DURATION: 1285][THREADS: 4][EXECUTOR DURATION: 916][EXECUTOR EFFICIENCY: 1.4028384279475983]
18:33:07.868 [main] INFO  exercise2 - [SIZE: 400][SINGLE DURATION: 3038][THREADS: 2][EXECUTOR DURATION: 2174][EXECUTOR EFFICIENCY: 1.3974241030358785]
18:33:10.029 [main] INFO  exercise2 - [SIZE: 400][SINGLE DURATION: 3038][THREADS: 3][EXECUTOR DURATION: 2161][EXECUTOR EFFICIENCY: 1.4058306339657567]
18:33:12.207 [main] INFO  exercise2 - [SIZE: 400][SINGLE DURATION: 3038][THREADS: 4][EXECUTOR DURATION: 2177][EXECUTOR EFFICIENCY: 1.3954983922829582]
18:34:05.566 [main] INFO  exercise2 - [SIZE: 100][SINGLE DURATION: 142][THREADS: 2][EXECUTOR DURATION: 150][EXECUTOR EFFICIENCY: 0.9466666666666667]
18:34:05.619 [main] INFO  exercise2 - [SIZE: 100][SINGLE DURATION: 142][THREADS: 3][EXECUTOR DURATION: 51][EXECUTOR EFFICIENCY: 2.784313725490196]
18:34:05.664 [main] INFO  exercise2 - [SIZE: 100][SINGLE DURATION: 142][THREADS: 4][EXECUTOR DURATION: 44][EXECUTOR EFFICIENCY: 3.227272727272727]
18:34:06.453 [main] INFO  exercise2 - [SIZE: 200][SINGLE DURATION: 503][THREADS: 2][EXECUTOR DURATION: 279][EXECUTOR EFFICIENCY: 1.8028673835125448]
18:34:06.731 [main] INFO  exercise2 - [SIZE: 200][SINGLE DURATION: 503][THREADS: 3][EXECUTOR DURATION: 277][EXECUTOR EFFICIENCY: 1.815884476534296]
18:34:07.004 [main] INFO  exercise2 - [SIZE: 200][SINGLE DURATION: 503][THREADS: 4][EXECUTOR DURATION: 271][EXECUTOR EFFICIENCY: 1.8560885608856088]
18:34:09.203 [main] INFO  exercise2 - [SIZE: 300][SINGLE DURATION: 1278][THREADS: 2][EXECUTOR DURATION: 910][EXECUTOR EFFICIENCY: 1.4043956043956043]
18:34:10.116 [main] INFO  exercise2 - [SIZE: 300][SINGLE DURATION: 1278][THREADS: 3][EXECUTOR DURATION: 912][EXECUTOR EFFICIENCY: 1.4013157894736843]
18:34:11.029 [main] INFO  exercise2 - [SIZE: 300][SINGLE DURATION: 1278][THREADS: 4][EXECUTOR DURATION: 912][EXECUTOR EFFICIENCY: 1.4013157894736843]
18:34:16.199 [main] INFO  exercise2 - [SIZE: 400][SINGLE DURATION: 3000][THREADS: 2][EXECUTOR DURATION: 2164][EXECUTOR EFFICIENCY: 1.3863216266173752]
18:34:18.350 [main] INFO  exercise2 - [SIZE: 400][SINGLE DURATION: 3000][THREADS: 3][EXECUTOR DURATION: 2151][EXECUTOR EFFICIENCY: 1.394700139470014]
18:34:20.505 [main] INFO  exercise2 - [SIZE: 400][SINGLE DURATION: 3000][THREADS: 4][EXECUTOR DURATION: 2154][EXECUTOR EFFICIENCY: 1.392757660167131]
18:34:20.700 [main] INFO  exercise2 - [SIZE: 100][SINGLE DURATION: 71][FORK JOIN DURATION: 122][FORK JOIN EFFICIENCY: 0.5819672131147541]
18:34:21.351 [main] INFO  exercise2 - [SIZE: 200][SINGLE DURATION: 378][FORK JOIN DURATION: 272][FORK JOIN EFFICIENCY: 1.3897058823529411]
18:34:23.545 [main] INFO  exercise2 - [SIZE: 300][SINGLE DURATION: 1270][FORK JOIN DURATION: 921][FORK JOIN EFFICIENCY: 1.3789359391965255]
18:34:28.827 [main] INFO  exercise2 - [SIZE: 400][SINGLE DURATION: 3088][FORK JOIN DURATION: 2188][FORK JOIN EFFICIENCY: 1.4113345521023766]
