blocking	100	2	31
nonblocking	100	2	31
blocking	100	3	33
nonblocking	100	3	36
blocking	100	4	41
nonblocking	100	4	31
blocking	200	2	104
nonblocking	200	2	124
blocking	200	3	101
nonblocking	200	3	107
blocking	200	4	127
nonblocking	200	4	145
blocking	300	2	358
nonblocking	300	2	426
blocking	300	3	312
nonblocking	300	3	310
blocking	300	4	343
nonblocking	300	4	356
blocking	400	2	702
nonblocking	400	2	677
blocking	400	3	546
nonblocking	400	3	563
blocking	400	4	554
nonblocking	400	4	592
blocking	500	2	1377
nonblocking	500	2	1431
blocking	500	3	1090
nonblocking	500	3	930
blocking	500	4	1196
nonblocking	500	4	1756
blocking	600	2	5299
nonblocking	600	2	5400
blocking	600	3	3122
nonblocking	600	3	3333
blocking	600	4	3554
nonblocking	600	4	3738
blocking	700	2	6435
nonblocking	700	2	4449
blocking	700	3	2982
nonblocking	700	3	3006
blocking	700	4	2863
nonblocking	700	4	2780
