blocking	50	2	6
nonblocking	50	2	7
blocking	50	3	11
nonblocking	50	3	11
blocking	50	4	20
nonblocking	50	4	10
blocking	100	2	20
nonblocking	100	2	22
blocking	100	3	22
nonblocking	100	3	45
blocking	100	4	29
nonblocking	100	4	33
blocking	150	2	60
nonblocking	150	2	63
blocking	150	3	67
nonblocking	150	3	63
blocking	150	4	92
nonblocking	150	4	94
blocking	200	2	107
nonblocking	200	2	111
blocking	200	3	114
nonblocking	200	3	117
blocking	200	4	125
nonblocking	200	4	123
blocking	250	2	183
nonblocking	250	2	191
blocking	250	3	158
nonblocking	250	3	166
blocking	250	4	201
nonblocking	250	4	176
blocking	300	2	338
nonblocking	300	2	342
blocking	300	3	342
nonblocking	300	3	315
blocking	300	4	364
nonblocking	300	4	351
blocking	350	2	507
nonblocking	350	2	544
blocking	350	3	428
nonblocking	350	3	421
blocking	350	4	454
nonblocking	350	4	450
blocking	400	2	745
nonblocking	400	2	1355
blocking	400	3	1067
nonblocking	400	3	1101
blocking	400	4	1086
nonblocking	400	4	1131
blocking	450	2	2077
nonblocking	450	2	1913
blocking	450	3	1448
nonblocking	450	3	1422
blocking	450	4	1549
nonblocking	450	4	1360
blocking	500	2	2421
nonblocking	500	2	2517
blocking	500	3	1583
nonblocking	500	3	949
blocking	500	4	1033
nonblocking	500	4	957
blocking	550	2	1795
nonblocking	550	2	1912
blocking	550	3	1442
nonblocking	550	3	1481
blocking	550	4	1607
nonblocking	550	4	1559
blocking	600	2	3883
nonblocking	600	2	4982
blocking	600	3	3354
nonblocking	600	3	3766
blocking	600	4	3532
nonblocking	600	4	3393
blocking	650	2	5691
nonblocking	650	2	6158
blocking	650	3	2326
nonblocking	650	3	2091
blocking	650	4	2095
nonblocking	650	4	2305
blocking	700	2	3625
nonblocking	700	2	5499
blocking	700	3	5045
nonblocking	700	3	5051
blocking	700	4	4660
nonblocking	700	4	4403
